0 info it worked if it ends with ok
1 verbose cli [ 'C:\\Program Files\\nodejs\\node.exe',
1 verbose cli   'C:\\Program Files\\nodejs\\node_modules\\npm\\bin\\npm-cli.js',
1 verbose cli   'start' ]
2 info using npm@4.0.5
3 info using node@v7.4.0
4 verbose run-script [ 'prestart', 'start', 'poststart' ]
5 info lifecycle portfolio-app@0.1.0~prestart: portfolio-app@0.1.0
6 silly lifecycle portfolio-app@0.1.0~prestart: no script for prestart, continuing
7 info lifecycle portfolio-app@0.1.0~start: portfolio-app@0.1.0
8 verbose lifecycle portfolio-app@0.1.0~start: unsafe-perm in lifecycle true
9 verbose lifecycle portfolio-app@0.1.0~start: PATH: C:\Program Files\nodejs\node_modules\npm\bin\node-gyp-bin;C:\Portfolio\portfolio-app\node_modules\.bin;C:\WINDOWS\CCM\;C:\WINDOWS\system32;C:\WINDOWS;C:\WINDOWS\System32\Wbem;C:\WINDOWS\System32\WindowsPowerShell\v1.0\;C:\WINDOWS\System32\OpenSSH\;C:\WINDOWS\system32\config\systemprofile\AppData\Local\Microsoft\WindowsApps;C:\Program Files (x86)\Adaptiva\AdaptivaClient\bin\x32;C:\Program Files (x86)\Adaptiva\AdaptivaClient\bin\x64;C:\Program Files (x86)\Pulse Secure\VC142.CRT\X64\;C:\Program Files (x86)\Pulse Secure\VC142.CRT\X86\;C:\Program Files\nodejs\;C:\Users\asingh77\AppData\Roaming\Microsoft\Windows\Start Menu\Programs\Visual Studio Code;C:\Users\asingh77\ARC workspace\master\node_modules;C:\Users\asingh77\AppData\Local\Microsoft\WindowsApps;C:\Users\asingh77\AppData\Local\Programs\Microsoft VS Code\bin;C:\Users\asingh77\AppData\Local\Programs\Git\cmd;C:\Users\asingh77\AppData\Roaming\npm;C:\Program Files\nodejs;C:\Users\asingh77\AppData\Roaming\Microsoft\Windows\Start Menu\Programs\Visual Studio Code;C:\Users\asingh77\AppData\Local\GitHubDesktop\bin
10 verbose lifecycle portfolio-app@0.1.0~start: CWD: C:\Portfolio\portfolio-app
11 silly lifecycle portfolio-app@0.1.0~start: Args: [ '/d /s /c', 'react-scripts start' ]
12 silly lifecycle portfolio-app@0.1.0~start: Returned: code: 1  signal: null
13 info lifecycle portfolio-app@0.1.0~start: Failed to exec start script
14 verbose stack Error: portfolio-app@0.1.0 start: `react-scripts start`
14 verbose stack Exit status 1
14 verbose stack     at EventEmitter.<anonymous> (C:\Program Files\nodejs\node_modules\npm\lib\utils\lifecycle.js:279:16)
14 verbose stack     at emitTwo (events.js:106:13)
14 verbose stack     at EventEmitter.emit (events.js:191:7)
14 verbose stack     at ChildProcess.<anonymous> (C:\Program Files\nodejs\node_modules\npm\lib\utils\spawn.js:40:14)
14 verbose stack     at emitTwo (events.js:106:13)
14 verbose stack     at ChildProcess.emit (events.js:191:7)
14 verbose stack     at maybeClose (internal/child_process.js:885:16)
14 verbose stack     at Process.ChildProcess._handle.onexit (internal/child_process.js:226:5)
15 verbose pkgid portfolio-app@0.1.0
16 verbose cwd C:\Portfolio\portfolio-app\src
17 error Windows_NT 10.0.19045
18 error argv "C:\\Program Files\\nodejs\\node.exe" "C:\\Program Files\\nodejs\\node_modules\\npm\\bin\\npm-cli.js" "start"
19 error node v7.4.0
20 error npm  v4.0.5
21 error code ELIFECYCLE
22 error portfolio-app@0.1.0 start: `react-scripts start`
22 error Exit status 1
23 error Failed at the portfolio-app@0.1.0 start script 'react-scripts start'.
23 error Make sure you have the latest version of node.js and npm installed.
23 error If you do, this is most likely a problem with the portfolio-app package,
23 error not with npm itself.
23 error Tell the author that this fails on your system:
23 error     react-scripts start
23 error You can get information on how to open an issue for this project with:
23 error     npm bugs portfolio-app
23 error Or if that isn't available, you can get their info via:
23 error     npm owner ls portfolio-app
23 error There is likely additional logging output above.
24 verbose exit [ 1, true ]
